<?xml version="1.0" encoding="UTF-8"?>
<!-- Generated by org.testng.reporters.JUnitReportReporter -->
<testsuite name="com.mercurytravel.test.HomepageTests" tests="3" time="0.005" ignored="0" failures="0" timestamp="29 Jul 2018 16:31:18 GMT" skipped="2" hostname="DESKTOP-R0QK2O8" errors="1">
  <testcase name="verifyUserLogin" time="0.003" classname="com.mercurytravel.test.HomepageTests">
    <skipped/>
  </testcase> <!-- verifyUserLogin -->
  <testcase name="verifyTitleOfThePage" time="0.002" classname="com.mercurytravel.test.HomepageTests">
    <skipped/>
  </testcase> <!-- verifyTitleOfThePage -->
  <testcase name="invokeBrowser" time="0.000" classname="com.mercurytravel.test.HomepageTests">
    <error type="java.lang.Exception" message="Invalid Browser type : chromehsdkjf">
      <![CDATA[java.lang.Exception: Invalid Browser type : chromehsdkjf
	at commonLibs.implementation.CommonDriver.<init>(CommonDriver.java:42)
	at com.mercurytravel.test.BasicOperations.invokeBrowser(BasicOperations.java:29)
	at sun.reflect.NativeMethodAccessorImpl.invoke0(Native Method)
	at sun.reflect.NativeMethodAccessorImpl.invoke(Unknown Source)
	at sun.reflect.DelegatingMethodAccessorImpl.invoke(Unknown Source)
	at java.lang.reflect.Method.invoke(Unknown Source)
	at org.testng.internal.MethodInvocationHelper.invokeMethod(MethodInvocationHelper.java:104)
	at org.testng.internal.Invoker.invokeConfigurationMethod(Invoker.java:515)
	at org.testng.internal.Invoker.invokeConfigurations(Invoker.java:217)
	at org.testng.internal.Invoker.invokeConfigurations(Invoker.java:144)
	at org.testng.internal.TestMethodWorker.invokeBeforeClassMethods(TestMethodWorker.java:169)
	at org.testng.internal.TestMethodWorker.run(TestMethodWorker.java:108)
	at org.testng.TestRunner.privateRun(TestRunner.java:756)
	at org.testng.TestRunner.run(TestRunner.java:610)
	at org.testng.SuiteRunner.runTest(SuiteRunner.java:387)
	at org.testng.SuiteRunner.runSequentially(SuiteRunner.java:382)
	at org.testng.SuiteRunner.privateRun(SuiteRunner.java:340)
	at org.testng.SuiteRunner.run(SuiteRunner.java:289)
	at org.testng.SuiteRunnerWorker.runSuite(SuiteRunnerWorker.java:52)
	at org.testng.SuiteRunnerWorker.run(SuiteRunnerWorker.java:86)
	at org.testng.TestNG.runSuitesSequentially(TestNG.java:1293)
	at org.testng.TestNG.runSuitesLocally(TestNG.java:1218)
	at org.testng.TestNG.runSuites(TestNG.java:1133)
	at org.testng.TestNG.run(TestNG.java:1104)
	at org.testng.remote.AbstractRemoteTestNG.run(AbstractRemoteTestNG.java:132)
	at org.testng.remote.RemoteTestNG.initAndRun(RemoteTestNG.java:230)
	at org.testng.remote.RemoteTestNG.main(RemoteTestNG.java:76)
]]>
    </error>
  </testcase> <!-- invokeBrowser -->
</testsuite> <!-- com.mercurytravel.test.HomepageTests -->
